Arguments: 
  /usr/local/bin/node /Users/macbookpro/.yarn/bin/yarn.js

PATH: 
  /Users/macbookpro/.yarn/bin:/Users/macbookpro/.config/yarn/global/node_modules/.bin:/Library/Frameworks/Python.framework/Versions/3.9/bin:/usr/local/bin:/usr/bin:/bin:/usr/sbin:/sbin:/Applications/VMware Fusion.app/Contents/Public:/Library/Apple/usr/bin:/Users/macbookpro/.yarn/bin:/Users/macbookpro/.config/yarn/global/node_modules/.bin:/Library/Frameworks/Python.framework/Versions/3.9/bin:/Users/macbookpro/.fig/bin:/Users/macbookpro/.local/bin

Yarn version: 
  1.22.19

Node version: 
  16.17.0

Platform: 
  darwin x64

Trace: 
  SyntaxError: /Users/macbookpro/Developer/pp/markdown-editor/package.json: Unexpected token } in JSON at position 2024
      at JSON.parse (<anonymous>)
      at /Users/macbookpro/.yarn/lib/cli.js:1629:59
      at Generator.next (<anonymous>)
      at step (/Users/macbookpro/.yarn/lib/cli.js:310:30)
      at /Users/macbookpro/.yarn/lib/cli.js:321:13

npm manifest: 
  {
    "name": "vite-electron-builder",
    "description": "Secure boilerplate for Electron app based on Vite",
    "private": true,
    "author": {
      "email": "kozackunisoft@gmail.com",
      "name": "Alex Kozack",
      "url": "https://kozack.me"
    },
    "main": "packages/main/dist/index.cjs",
    "scripts": {
      "build": "npm run build:main && npm run build:preload && npm run build:renderer",
      "build:main": "cd ./packages/main && vite build",
      "build:preload": "cd ./packages/preload && vite build",
      "build:renderer": "cd ./packages/renderer && vite build",
      "compile": "cross-env MODE=production npm run build && electron-builder build --config .electron-builder.config.js --dir --config.asar=false",
      "test": "npm run test:main && npm run test:preload && npm run test:renderer && npm run test:e2e",
      "test:e2e": "npm run build && vitest run",
      "test:main": "vitest run -r packages/main --passWithNoTests",
      "test:preload": "vitest run -r packages/preload --passWithNoTests",
      "test:renderer": "vitest run -r packages/renderer --passWithNoTests",
      "watch": "node scripts/watch.mjs",
      "lint": "eslint . --ext js,mjs,cjs,ts,mts,cts,vue",
      "typecheck:main": "tsc --noEmit -p packages/main/tsconfig.json",
      "typecheck:preload": "tsc --noEmit -p packages/preload/tsconfig.json",
      "typecheck:renderer": "vue-tsc --noEmit -p packages/renderer/tsconfig.json",
      "typecheck": "npm run typecheck:main && npm run typecheck:preload && npm run typecheck:renderer",
      "postinstall": "cross-env ELECTRON_RUN_AS_NODE=1 electron scripts/update-electron-vendors.mjs",
      "format": "npx prettier --write \"**/*.{js,mjs,cjs,ts,mts,cts,vue,json}\""
    },
    "devDependencies": {
      "@typescript-eslint/eslint-plugin": "5.35.1",
      "cross-env": "7.0.3",
      "electron": "20.1.0",
      "electron-builder": "23.3.3",
      "eslint": "8.23.0",
      "happy-dom": "6.0.4",
      "playwright": "1.25.1",
      "typescript": "4.8.2",
      "unplugin-auto-expose": "0.0.2",
      "vite": "3.0.9",
      "vitest": "0.22.1",
    },
    "dependencies": {
      "electron-updater": "5.2.1",
    }
  }

yarn manifest: 
  No manifest

Lockfile: 
  No lockfile
